<?xml version="1.0" encoding="UTF-8"?>
<testng-results skipped="0" failed="0" total="2" passed="2">
  <reporter-output>
  </reporter-output>
  <suite name="Default suite" duration-ms="218452" started-at="2014-03-22T14:49:03Z" finished-at="2014-03-22T14:52:41Z">
    <groups>
    </groups>
    <test name="Default test" duration-ms="218452" started-at="2014-03-22T14:49:03Z" finished-at="2014-03-22T14:52:41Z">
      <class name="com.quikr.test.QuikrSignupTest">
        <test-method status="PASS" signature="testQuikrSignupForInvalidData(java.lang.String, java.lang.String, java.lang.String, java.lang.String, java.lang.String)[pri:0, instance:com.quikr.test.QuikrSignupTest@15b9e68]" name="testQuikrSignupForInvalidData" duration-ms="115377" started-at="2014-03-22T20:19:03Z" data-provider="testDataFirst" finished-at="2014-03-22T20:20:58Z">
          <params>
            <param index="0">
              <value>
                <![CDATA[123]]>
              </value>
            </param>
            <param index="1">
              <value>
                <![CDATA[123]]>
              </value>
            </param>
            <param index="2">
              <value>
                <![CDATA[123]]>
              </value>
            </param>
            <param index="3">
              <value>
                <![CDATA[123]]>
              </value>
            </param>
            <param index="4">
              <value>
                <![CDATA[Agra]]>
              </value>
            </param>
          </params>
          <reporter-output>
          </reporter-output>
        </test-method> <!-- testQuikrSignupForInvalidData -->
        <test-method status="PASS" signature="testQuikrSignupForInvalidData(java.lang.String, java.lang.String, java.lang.String, java.lang.String, java.lang.String)[pri:0, instance:com.quikr.test.QuikrSignupTest@15b9e68]" name="testQuikrSignupForInvalidData" duration-ms="103059" started-at="2014-03-22T20:20:58Z" data-provider="testDataFirst" finished-at="2014-03-22T20:22:41Z">
          <params>
            <param index="0">
              <value>
                <![CDATA[]]>
              </value>
            </param>
            <param index="1">
              <value>
                <![CDATA[]]>
              </value>
            </param>
            <param index="2">
              <value>
                <![CDATA[]]>
              </value>
            </param>
            <param index="3">
              <value>
                <![CDATA[]]>
              </value>
            </param>
            <param index="4">
              <value>
                <![CDATA[Bangalore]]>
              </value>
            </param>
          </params>
          <reporter-output>
          </reporter-output>
        </test-method> <!-- testQuikrSignupForInvalidData -->
      </class> <!-- com.quikr.test.QuikrSignupTest -->
    </test> <!-- Default test -->
  </suite> <!-- Default suite -->
</testng-results>
